0 info it worked if it ends with ok
1 verbose cli [ '/usr/local/bin/node', '/usr/local/bin/npm', 'run', 'build' ]
2 info using npm@4.1.2
3 info using node@v7.4.0
4 verbose run-script [ 'prebuild', 'build', 'postbuild' ]
5 info lifecycle see-through-me@0.1.0~prebuild: see-through-me@0.1.0
6 silly lifecycle see-through-me@0.1.0~prebuild: no script for prebuild, continuing
7 info lifecycle see-through-me@0.1.0~build: see-through-me@0.1.0
8 verbose lifecycle see-through-me@0.1.0~build: unsafe-perm in lifecycle true
9 verbose lifecycle see-through-me@0.1.0~build: PATH: /usr/local/lib/node_modules/npm/bin/node-gyp-bin:/Users/jonathanso/Desktop/seethroughme/node_modules/.bin:/Users/jonathanso/.rvm/gems/ruby-2.2.3/bin:/Users/jonathanso/.rvm/gems/ruby-2.2.3@global/bin:/Users/jonathanso/.rvm/rubies/ruby-2.2.3/bin:/Applications/Postgres.app/Contents/Versions/9.4/bin:/usr/local:/usr/local/bin:/usr/local/sbin:/usr/bin:/usr/local/bin:/usr/bin:/bin:/usr/sbin:/sbin:/Users/jonathanso/.rvm/bin:/path/to/elixir/bin
10 verbose lifecycle see-through-me@0.1.0~build: CWD: /Users/jonathanso/Desktop/seethroughme
11 silly lifecycle see-through-me@0.1.0~build: Args: [ '-c', 'webpack' ]
12 silly lifecycle see-through-me@0.1.0~build: Returned: code: 2  signal: null
13 info lifecycle see-through-me@0.1.0~build: Failed to exec build script
14 verbose stack Error: see-through-me@0.1.0 build: `webpack`
14 verbose stack Exit status 2
14 verbose stack     at EventEmitter.<anonymous> (/usr/local/lib/node_modules/npm/lib/utils/lifecycle.js:279:16)
14 verbose stack     at emitTwo (events.js:106:13)
14 verbose stack     at EventEmitter.emit (events.js:191:7)
14 verbose stack     at ChildProcess.<anonymous> (/usr/local/lib/node_modules/npm/lib/utils/spawn.js:40:14)
14 verbose stack     at emitTwo (events.js:106:13)
14 verbose stack     at ChildProcess.emit (events.js:191:7)
14 verbose stack     at maybeClose (internal/child_process.js:885:16)
14 verbose stack     at Process.ChildProcess._handle.onexit (internal/child_process.js:226:5)
15 verbose pkgid see-through-me@0.1.0
16 verbose cwd /Users/jonathanso/Desktop/seethroughme
17 error Darwin 15.6.0
18 error argv "/usr/local/bin/node" "/usr/local/bin/npm" "run" "build"
19 error node v7.4.0
20 error npm  v4.1.2
21 error code ELIFECYCLE
22 error see-through-me@0.1.0 build: `webpack`
22 error Exit status 2
23 error Failed at the see-through-me@0.1.0 build script 'webpack'.
23 error Make sure you have the latest version of node.js and npm installed.
23 error If you do, this is most likely a problem with the see-through-me package,
23 error not with npm itself.
23 error Tell the author that this fails on your system:
23 error     webpack
23 error You can get information on how to open an issue for this project with:
23 error     npm bugs see-through-me
23 error Or if that isn't available, you can get their info via:
23 error     npm owner ls see-through-me
23 error There is likely additional logging output above.
24 verbose exit [ 1, true ]
